Der Buildvorgang wurde am 21.02.2013 16:21:51 gestartet.
     1>Projekt "C:\Users\Alexander\sauraus\sauraus\sauraus\sauraus.vcxproj" auf Knoten "2", build Ziel(e).
     1>PrepareForBuild:
         Das Verzeichnis "C:\Users\Alexander\sauraus\sauraus\Debug\" wird erstellt.
       InitializeBuildStatus:
         "Debug\sauraus.unsuccessfulbuild" wird erstellt, da "AlwaysCreate" angegeben wurde.
       ClCompile:
         C:\Program Files (x86)\Microsoft Visual Studio 10.0\VC\bin\CL.exe /c /ZI /nologo /W3 /WX- /Od /Oy- /D _MBCS /Gm /EHsc /RTC1 /MDd /GS /fp:precise /Zc:wchar_t /Zc:forScope /Fo"Debug\\" /Fd"Debug\vc100.pdb" /Gd /TP /analyze- /errorReport:prompt main.cpp
         main.cpp
       Link:
         C:\Program Files (x86)\Microsoft Visual Studio 10.0\VC\bin\link.exe /ERRORREPORT:PROMPT /OUT:"C:\Users\Alexander\sauraus\sauraus\Debug\sauraus.exe" /NOLOGO kernel32.lib user32.lib gdi32.lib winspool.lib comdlg32.lib advapi32.lib shell32.lib ole32.lib oleaut32.lib uuid.lib odbc32.lib odbccp32.lib /MANIFEST /ManifestFile:"Debug\sauraus.exe.intermediate.manifest" /MANIFESTUAC:"level='asInvoker' uiAccess='false'" /DEBUG /PDB:"C:\Users\Alexander\sauraus\sauraus\Debug\sauraus.pdb" /TLBID:1 /DYNAMICBASE /NXCOMPAT /IMPLIB:"C:\Users\Alexander\sauraus\sauraus\Debug\sauraus.lib" /MACHINE:X86 Debug\main.obj
         sauraus.vcxproj -> C:\Users\Alexander\sauraus\sauraus\Debug\sauraus.exe
       Manifest:
         C:\Program Files (x86)\Microsoft SDKs\Windows\v7.0A\bin\mt.exe /nologo /verbose /outputresource:"C:\Users\Alexander\sauraus\sauraus\Debug\sauraus.exe;#1" /manifest Debug\sauraus.exe.intermediate.manifest
       FinalizeBuildStatus:
         Die Datei "Debug\sauraus.unsuccessfulbuild" wird gelöscht.
         Aktualisieren des Timestamps von "Debug\sauraus.lastbuildstate".
     1>Die Erstellung des Projekts "C:\Users\Alexander\sauraus\sauraus\sauraus\sauraus.vcxproj" ist abgeschlossen, build Ziel(e).

Das Erstellen war erfolgreich.

Verstrichene Zeit 00:00:01.40
