Der Buildvorgang wurde am 22.02.2013 21:03:20 gestartet.
     1>Projekt "C:\Users\Goulash\Documents\Visual Projects\TESTBOOT\TESTBOOT\cmake out\CMakeFiles\2.8.10.2\CompilerIdC\CompilerIdC.vcxproj" auf Knoten "2", build Ziel(e).
     1>InitializeBuildStatus:
         "Debug\CompilerIdC.unsuccessfulbuild" wird erstellt, da "AlwaysCreate" angegeben wurde.
       ClCompile:
         E:\Microsoft Visual Studio 10.0\VC\bin\CL.exe /c /nologo /W0 /WX- /Od /Oy- /D _MBCS /Gm- /EHsc /RTC1 /MDd /GS /fp:precise /Zc:wchar_t /Zc:forScope /Fo"Debug\\" /Fd"Debug\vc100.pdb" /Gd /TC /analyze- /errorReport:prompt CMakeCCompilerId.c
         CMakeCCompilerId.c
       Link:
         E:\Microsoft Visual Studio 10.0\VC\bin\link.exe /ERRORREPORT:PROMPT /OUT:".\CompilerIdC.exe" /INCREMENTAL:NO /NOLOGO kernel32.lib user32.lib gdi32.lib winspool.lib comdlg32.lib advapi32.lib shell32.lib ole32.lib oleaut32.lib uuid.lib odbc32.lib odbccp32.lib /MANIFEST /ManifestFile:"Debug\CompilerIdC.exe.intermediate.manifest" /MANIFESTUAC:"level='asInvoker' uiAccess='false'" /PDB:"C:\Users\Goulash\Documents\Visual Projects\TESTBOOT\TESTBOOT\cmake out\CMakeFiles\2.8.10.2\CompilerIdC\CompilerIdC.pdb" /SUBSYSTEM:CONSOLE /TLBID:1 /DYNAMICBASE /NXCOMPAT /IMPLIB:".\CompilerIdC.lib" /MACHINE:X86 Debug\CMakeCCompilerId.obj
         CompilerIdC.vcxproj -> C:\Users\Goulash\Documents\Visual Projects\TESTBOOT\TESTBOOT\cmake out\CMakeFiles\2.8.10.2\CompilerIdC\.\CompilerIdC.exe
       Manifest:
         C:\Program Files (x86)\Microsoft SDKs\Windows\v7.0A\bin\mt.exe /nologo /verbose /outputresource:".\CompilerIdC.exe;#1" /manifest Debug\CompilerIdC.exe.intermediate.manifest
       PostBuildEvent:
         for %%i in (cl.exe) do @echo CMAKE_C_COMPILER=%%~$PATH:i
         :VCEnd
         CMAKE_C_COMPILER=E:\Microsoft Visual Studio 10.0\VC\bin\cl.exe
       FinalizeBuildStatus:
         Die Datei "Debug\CompilerIdC.unsuccessfulbuild" wird gelöscht.
         Aktualisieren des Timestamps von "Debug\CompilerIdC.lastbuildstate".
     1>Die Erstellung des Projekts "C:\Users\Goulash\Documents\Visual Projects\TESTBOOT\TESTBOOT\cmake out\CMakeFiles\2.8.10.2\CompilerIdC\CompilerIdC.vcxproj" ist abgeschlossen, build Ziel(e).

Das Erstellen war erfolgreich.

Verstrichene Zeit 00:00:00.20
